{
  "RSpec": {
    "coverage": {
      "/home/global-convention-6860/tic-tac-toe-rb-ruby-apply-000/lib/tic_tac_toe.rb": [
        null,
        1,
        null,
        null,
        1,
        14,
        14,
        14,
        14,
        14,
        null,
        null,
        1,
        16,
        null,
        null,
        1,
        15,
        null,
        null,
        1,
        18,
        null,
        null,
        1,
        16,
        null,
        null,
        1,
        14,
        14,
        126,
        10,
        null,
        null,
        14,
        null,
        null,
        1,
        13,
        10,
        null,
        3,
        null,
        null,
        null,
        1,
        13,
        13,
        13,
        13,
        12,
        12,
        null,
        1,
        null,
        null,
        null,
        1,
        42,
        224,
        224,
        224,
        null,
        224,
        224,
        224,
        null,
        224,
        24,
        null,
        null,
        18,
        null,
        null,
        1,
        13,
        7,
        null,
        6,
        null,
        null,
        null,
        1,
        15,
        7,
        8,
        5,
        null,
        3,
        null,
        null,
        null,
        1,
        13,
        9,
        null,
        4,
        null,
        null,
        null,
        1,
        6,
        5,
        5,
        null,
        null,
        null,
        null,
        null,
        1,
        11,
        10,
        null,
        null,
        11,
        4,
        4,
        null,
        null
      ]
    },
    "timestamp": 1603912717
  }
}
