{
  "RSpec": {
    "coverage": {
      "/home/global-convention-6860/tic-tac-toe-rb-ruby-apply-000/lib/tic_tac_toe.rb": [
        null,
        1,
        null,
        null,
        1,
        14,
        14,
        14,
        14,
        14,
        null,
        null,
        1,
        16,
        null,
        null,
        1,
        15,
        null,
        null,
        1,
        18,
        null,
        null,
        1,
        16,
        null,
        null,
        1,
        14,
        14,
        126,
        10,
        null,
        null,
        14,
        null,
        null,
        1,
        13,
        10,
        null,
        3,
        null,
        null,
        null,
        1,
        13,
        13,
        13,
        13,
        12,
        12,
        null,
        1,
        null,
        null,
        null,
        1,
        31,
        175,
        175,
        175,
        null,
        175,
        175,
        175,
        null,
        175,
        17,
        null,
        null,
        14,
        null,
        null,
        1,
        11,
        7,
        null,
        4,
        null,
        null,
        null,
        1,
        12,
        6,
        6,
        3,
        null,
        3,
        null,
        null,
        null,
        1,
        10,
        6,
        null,
        4,
        null,
        null,
        null,
        1,
        3,
        2,
        2,
        null,
        null,
        null,
        null,
        null,
        1,
        8,
        10,
        null,
        null,
        8,
        3,
        3,
        null,
        null
      ]
    },
    "timestamp": 1603912563
  }
}
